{"/home/xcall/projects/project-cli-jest/src/database/parser.js": {"path":"/home/xcall/projects/project-cli-jest/src/database/parser.js","statementMap":{"0":{"start":{"line":1,"column":22},"end":{"line":1,"column":46}},"1":{"start":{"line":1,"column":30},"end":{"line":1,"column":46}},"2":{"start":{"line":2,"column":24},"end":{"line":2,"column":61}},"3":{"start":{"line":2,"column":32},"end":{"line":2,"column":61}}},"fnMap":{"0":{"name":"(anonymous_0)","decl":{"start":{"line":1,"column":22},"end":{"line":1,"column":23}},"loc":{"start":{"line":1,"column":30},"end":{"line":1,"column":46}},"line":1},"1":{"name":"(anonymous_1)","decl":{"start":{"line":2,"column":24},"end":{"line":2,"column":25}},"loc":{"start":{"line":2,"column":32},"end":{"line":2,"column":61}},"line":2}},"branchMap":{},"s":{"0":1,"1":1,"2":1,"3":0},"f":{"0":1,"1":0},"b":{},"_coverageSchema":"1a1c01bbd47fc00a2c39e90264f33305004495a9","hash":"d2e706d7b6988e26161a25846f6a2a97a4c1424b"}
,"/home/xcall/projects/project-cli-jest/src/utils/args.js": {"path":"/home/xcall/projects/project-cli-jest/src/utils/args.js","statementMap":{"0":{"start":{"line":4,"column":17},"end":{"line":7,"column":1}},"1":{"start":{"line":5,"column":21},"end":{"line":5,"column":78}},"2":{"start":{"line":6,"column":21},"end":{"line":6,"column":63}},"3":{"start":{"line":10,"column":25},"end":{"line":13,"column":2}},"4":{"start":{"line":10,"column":62},"end":{"line":13,"column":1}},"5":{"start":{"line":16,"column":23},"end":{"line":16,"column":68}},"6":{"start":{"line":17,"column":28},"end":{"line":29,"column":1}},"7":{"start":{"line":18,"column":2},"end":{"line":18,"column":94}},"8":{"start":{"line":18,"column":33},"end":{"line":18,"column":94}},"9":{"start":{"line":19,"column":2},"end":{"line":26,"column":3}},"10":{"start":{"line":20,"column":17},"end":{"line":20,"column":51}},"11":{"start":{"line":20,"column":38},"end":{"line":20,"column":50}},"12":{"start":{"line":22,"column":4},"end":{"line":25,"column":7}},"13":{"start":{"line":28,"column":2},"end":{"line":28,"column":42}},"14":{"start":{"line":32,"column":18},"end":{"line":40,"column":1}},"15":{"start":{"line":33,"column":14},"end":{"line":33,"column":27}},"16":{"start":{"line":34,"column":21},"end":{"line":34,"column":35}},"17":{"start":{"line":35,"column":2},"end":{"line":35,"column":49}},"18":{"start":{"line":37,"column":2},"end":{"line":39,"column":4}},"19":{"start":{"line":43,"column":20},"end":{"line":43,"column":81}},"20":{"start":{"line":43,"column":30},"end":{"line":43,"column":81}},"21":{"start":{"line":43,"column":58},"end":{"line":43,"column":75}},"22":{"start":{"line":47,"column":20},"end":{"line":47,"column":42}},"23":{"start":{"line":48,"column":17},"end":{"line":48,"column":39}},"24":{"start":{"line":50,"column":2},"end":{"line":50,"column":16}}},"fnMap":{"0":{"name":"(anonymous_0)","decl":{"start":{"line":5,"column":15},"end":{"line":5,"column":16}},"loc":{"start":{"line":5,"column":21},"end":{"line":5,"column":78}},"line":5},"1":{"name":"(anonymous_1)","decl":{"start":{"line":6,"column":14},"end":{"line":6,"column":15}},"loc":{"start":{"line":6,"column":21},"end":{"line":6,"column":63}},"line":6},"2":{"name":"(anonymous_2)","decl":{"start":{"line":10,"column":25},"end":{"line":10,"column":26}},"loc":{"start":{"line":10,"column":62},"end":{"line":13,"column":1}},"line":10},"3":{"name":"(anonymous_3)","decl":{"start":{"line":17,"column":28},"end":{"line":17,"column":29}},"loc":{"start":{"line":17,"column":68},"end":{"line":29,"column":1}},"line":17},"4":{"name":"(anonymous_4)","decl":{"start":{"line":20,"column":29},"end":{"line":20,"column":30}},"loc":{"start":{"line":20,"column":38},"end":{"line":20,"column":50}},"line":20},"5":{"name":"(anonymous_5)","decl":{"start":{"line":32,"column":18},"end":{"line":32,"column":19}},"loc":{"start":{"line":32,"column":56},"end":{"line":40,"column":1}},"line":32},"6":{"name":"(anonymous_6)","decl":{"start":{"line":43,"column":20},"end":{"line":43,"column":21}},"loc":{"start":{"line":43,"column":30},"end":{"line":43,"column":81}},"line":43},"7":{"name":"(anonymous_7)","decl":{"start":{"line":43,"column":42},"end":{"line":43,"column":43}},"loc":{"start":{"line":43,"column":58},"end":{"line":43,"column":75}},"line":43},"8":{"name":"parse","decl":{"start":{"line":46,"column":24},"end":{"line":46,"column":29}},"loc":{"start":{"line":46,"column":57},"end":{"line":51,"column":1}},"line":46}},"branchMap":{"0":{"loc":{"start":{"line":10,"column":28},"end":{"line":10,"column":40}},"type":"default-arg","locations":[{"start":{"line":10,"column":38},"end":{"line":10,"column":40}}],"line":10},"1":{"loc":{"start":{"line":10,"column":42},"end":{"line":10,"column":55}},"type":"default-arg","locations":[{"start":{"line":10,"column":50},"end":{"line":10,"column":55}}],"line":10},"2":{"loc":{"start":{"line":17,"column":29},"end":{"line":17,"column":38}},"type":"default-arg","locations":[{"start":{"line":17,"column":36},"end":{"line":17,"column":38}}],"line":17},"3":{"loc":{"start":{"line":17,"column":40},"end":{"line":17,"column":63}},"type":"default-arg","locations":[{"start":{"line":17,"column":49},"end":{"line":17,"column":63}}],"line":17},"4":{"loc":{"start":{"line":18,"column":2},"end":{"line":18,"column":94}},"type":"if","locations":[{"start":{"line":18,"column":2},"end":{"line":18,"column":94}},{"start":{},"end":{}}],"line":18},"5":{"loc":{"start":{"line":19,"column":2},"end":{"line":26,"column":3}},"type":"if","locations":[{"start":{"line":19,"column":2},"end":{"line":26,"column":3}},{"start":{},"end":{}}],"line":19},"6":{"loc":{"start":{"line":24,"column":15},"end":{"line":24,"column":48}},"type":"binary-expr","locations":[{"start":{"line":24,"column":15},"end":{"line":24,"column":19}},{"start":{"line":24,"column":23},"end":{"line":24,"column":48}}],"line":24},"7":{"loc":{"start":{"line":35,"column":10},"end":{"line":35,"column":48}},"type":"cond-expr","locations":[{"start":{"line":35,"column":27},"end":{"line":35,"column":40}},{"start":{"line":35,"column":43},"end":{"line":35,"column":48}}],"line":35}},"s":{"0":1,"1":1,"2":1,"3":1,"4":4,"5":1,"6":1,"7":4,"8":1,"9":3,"10":3,"11":9,"12":3,"13":0,"14":1,"15":4,"16":4,"17":4,"18":4,"19":1,"20":1,"21":4,"22":1,"23":1,"24":1},"f":{"0":1,"1":1,"2":4,"3":4,"4":9,"5":4,"6":1,"7":4,"8":1},"b":{"0":[2],"1":[1],"2":[1],"3":[2],"4":[1,3],"5":[3,0],"6":[3,1],"7":[1,3]},"_coverageSchema":"1a1c01bbd47fc00a2c39e90264f33305004495a9","hash":"7c42f1d1f96ba39eabd9c9773ad6be7abaad830f"}
,"/home/xcall/projects/project-cli-jest/src/utils/logger.js": {"path":"/home/xcall/projects/project-cli-jest/src/utils/logger.js","statementMap":{"0":{"start":{"line":1,"column":14},"end":{"line":1,"column":23}},"1":{"start":{"line":2,"column":13},"end":{"line":2,"column":17}},"2":{"start":{"line":3,"column":22},"end":{"line":3,"column":56}},"3":{"start":{"line":3,"column":31},"end":{"line":3,"column":56}},"4":{"start":{"line":5,"column":22},"end":{"line":9,"column":1}},"5":{"start":{"line":11,"column":12},"end":{"line":13,"column":1}},"6":{"start":{"line":12,"column":2},"end":{"line":12,"column":44}},"7":{"start":{"line":15,"column":16},"end":{"line":17,"column":1}},"8":{"start":{"line":16,"column":2},"end":{"line":16,"column":49}},"9":{"start":{"line":19,"column":14},"end":{"line":21,"column":1}},"10":{"start":{"line":20,"column":2},"end":{"line":20,"column":50}}},"fnMap":{"0":{"name":"(anonymous_0)","decl":{"start":{"line":3,"column":22},"end":{"line":3,"column":23}},"loc":{"start":{"line":3,"column":31},"end":{"line":3,"column":56}},"line":3},"1":{"name":"(anonymous_1)","decl":{"start":{"line":11,"column":12},"end":{"line":11,"column":13}},"loc":{"start":{"line":11,"column":30},"end":{"line":13,"column":1}},"line":11},"2":{"name":"(anonymous_2)","decl":{"start":{"line":15,"column":16},"end":{"line":15,"column":17}},"loc":{"start":{"line":15,"column":34},"end":{"line":17,"column":1}},"line":15},"3":{"name":"(anonymous_3)","decl":{"start":{"line":19,"column":14},"end":{"line":19,"column":15}},"loc":{"start":{"line":19,"column":32},"end":{"line":21,"column":1}},"line":19}},"branchMap":{},"s":{"0":1,"1":1,"2":1,"3":3,"4":1,"5":1,"6":1,"7":1,"8":1,"9":1,"10":1},"f":{"0":3,"1":1,"2":1,"3":1},"b":{},"_coverageSchema":"1a1c01bbd47fc00a2c39e90264f33305004495a9","hash":"56ecf91547c77ae8b10e22c2444ce12d5e761859"}
}
