TN:
SF:src/database/parser.js
FN:1,(anonymous_0)
FN:2,(anonymous_1)
FNF:2
FNH:1
FNDA:1,(anonymous_0)
FNDA:0,(anonymous_1)
DA:1,1
DA:2,1
LF:2
LH:2
BRF:0
BRH:0
end_of_record
TN:
SF:src/utils/args.js
FN:5,(anonymous_0)
FN:6,(anonymous_1)
FN:10,(anonymous_2)
FN:17,(anonymous_3)
FN:20,(anonymous_4)
FN:32,(anonymous_5)
FN:43,(anonymous_6)
FN:43,(anonymous_7)
FN:46,parse
FNF:9
FNH:9
FNDA:1,(anonymous_0)
FNDA:1,(anonymous_1)
FNDA:4,(anonymous_2)
FNDA:4,(anonymous_3)
FNDA:9,(anonymous_4)
FNDA:4,(anonymous_5)
FNDA:1,(anonymous_6)
FNDA:4,(anonymous_7)
FNDA:1,parse
DA:4,1
DA:5,1
DA:6,1
DA:10,4
DA:16,1
DA:17,1
DA:18,4
DA:19,3
DA:20,9
DA:22,3
DA:28,0
DA:32,1
DA:33,4
DA:34,4
DA:35,4
DA:37,4
DA:43,4
DA:47,1
DA:48,1
DA:50,1
LF:20
LH:19
BRDA:10,0,0,2
BRDA:10,1,0,1
BRDA:17,2,0,1
BRDA:17,3,0,2
BRDA:18,4,0,1
BRDA:18,4,1,3
BRDA:19,5,0,3
BRDA:19,5,1,0
BRDA:24,6,0,3
BRDA:24,6,1,1
BRDA:35,7,0,1
BRDA:35,7,1,3
BRF:12
BRH:11
end_of_record
TN:
SF:src/utils/logger.js
FN:3,(anonymous_0)
FN:11,(anonymous_1)
FN:15,(anonymous_2)
FN:19,(anonymous_3)
FNF:4
FNH:4
FNDA:3,(anonymous_0)
FNDA:1,(anonymous_1)
FNDA:1,(anonymous_2)
FNDA:1,(anonymous_3)
DA:1,1
DA:2,1
DA:3,3
DA:5,1
DA:11,1
DA:12,1
DA:15,1
DA:16,1
DA:19,1
DA:20,1
LF:10
LH:10
BRF:0
BRH:0
end_of_record
